[debug] [2021-08-01T22:11:14.618Z] ----------------------------------------------------------------------
[debug] [2021-08-01T22:11:14.621Z] Command:       /Users/hk-p/.anyenv/envs/nodenv/versions/14.4.0/bin/node /Users/hk-p/.anyenv/envs/nodenv/versions/14.4.0/bin/firebase deploy
[debug] [2021-08-01T22:11:14.621Z] CLI Version:   9.16.0
[debug] [2021-08-01T22:11:14.621Z] Platform:      darwin
[debug] [2021-08-01T22:11:14.622Z] Node Version:  v14.4.0
[debug] [2021-08-01T22:11:14.632Z] Time:          Mon Aug 02 2021 07:11:14 GMT+0900 (日本標準時)
[debug] [2021-08-01T22:11:14.632Z] ----------------------------------------------------------------------
[debug] 
[debug] [2021-08-01T22:11:14.685Z] > command requires scopes: ["email","openid","https://www.googleapis.com/auth/cloudplatformprojects.readonly","https://www.googleapis.com/auth/firebase","https://www.googleapis.com/auth/cloud-platform"]
[debug] [2021-08-01T22:11:14.685Z] > authorizing via signed-in user (hukada.gogotea@gmail.com)
[debug] [2021-08-01T22:11:14.685Z] [iam] checking project shooting2-c68c2 for permissions ["datastore.indexes.create","datastore.indexes.delete","datastore.indexes.list","datastore.indexes.update","firebase.projects.get","firebasedatabase.instances.update","firebasehosting.sites.update"]
[debug] [2021-08-01T22:11:14.688Z] >>> HTTP REQUEST POST https://cloudresourcemanager.googleapis.com/v1/projects/shooting2-c68c2:testIamPermissions  
 {"permissions":["datastore.indexes.create","datastore.indexes.delete","datastore.indexes.list","datastore.indexes.update","firebase.projects.get","firebasedatabase.instances.update","firebasehosting.sites.update"]}
[debug] [2021-08-01T22:11:15.429Z] <<< HTTP RESPONSE 200 {"content-type":"application/json; charset=UTF-8","vary":"X-Origin, Referer, Origin,Accept-Encoding","date":"Sun, 01 Aug 2021 22:11:17 GMT","server":"ESF","cache-control":"private","x-xss-protection":"0","x-frame-options":"SAMEORIGIN","x-content-type-options":"nosniff","server-timing":"gfet4t7; dur=573","alt-svc":"h3=\":443\"; ma=2592000,h3-29=\":443\"; ma=2592000,h3-T051=\":443\"; ma=2592000,h3-Q050=\":443\"; ma=2592000,h3-Q046=\":443\"; ma=2592000,h3-Q043=\":443\"; ma=2592000,quic=\":443\"; ma=2592000; v=\"46,43\"","accept-ranges":"none","transfer-encoding":"chunked"}
[debug] [2021-08-01T22:11:15.432Z] > refreshing access token with scopes: []
[debug] [2021-08-01T22:11:15.432Z] >>> HTTP REQUEST POST https://www.googleapis.com/oauth2/v3/token  
 <request body omitted>
[debug] [2021-08-01T22:11:15.592Z] <<< HTTP RESPONSE 200 {"expires":"Mon, 01 Jan 1990 00:00:00 GMT","date":"Sun, 01 Aug 2021 22:11:17 GMT","pragma":"no-cache","cache-control":"no-cache, no-store, max-age=0, must-revalidate","content-type":"application/json; charset=utf-8","vary":"X-Origin, Referer, Origin,Accept-Encoding","server":"scaffolding on HTTPServer2","x-xss-protection":"0","x-frame-options":"SAMEORIGIN","x-content-type-options":"nosniff","alt-svc":"h3=\":443\"; ma=2592000,h3-29=\":443\"; ma=2592000,h3-T051=\":443\"; ma=2592000,h3-Q050=\":443\"; ma=2592000,h3-Q046=\":443\"; ma=2592000,h3-Q043=\":443\"; ma=2592000,quic=\":443\"; ma=2592000; v=\"46,43\"","accept-ranges":"none","transfer-encoding":"chunked"}
[debug] [2021-08-01T22:11:15.646Z] >>> [apiv2][query] GET https://firebase.googleapis.com/v1beta1/projects/shooting2-c68c2 [none]
[debug] [2021-08-01T22:11:16.341Z] <<< [apiv2][status] GET https://firebase.googleapis.com/v1beta1/projects/shooting2-c68c2 200
[debug] [2021-08-01T22:11:16.341Z] <<< [apiv2][body] GET https://firebase.googleapis.com/v1beta1/projects/shooting2-c68c2 {"projectId":"shooting2-c68c2","projectNumber":"1060125794969","displayName":"shooting2","name":"projects/shooting2-c68c2","resources":{"hostingSite":"shooting2-c68c2","realtimeDatabaseInstance":"shooting2-c68c2-default-rtdb","storageBucket":"shooting2-c68c2.appspot.com","locationId":"asia-northeast1"},"state":"ACTIVE"}
[debug] [2021-08-01T22:11:16.342Z] >>> [apiv2][query] GET https://firebase.googleapis.com/v1beta1/projects/shooting2-c68c2 [none]
[debug] [2021-08-01T22:11:16.957Z] <<< [apiv2][status] GET https://firebase.googleapis.com/v1beta1/projects/shooting2-c68c2 200
[debug] [2021-08-01T22:11:16.957Z] <<< [apiv2][body] GET https://firebase.googleapis.com/v1beta1/projects/shooting2-c68c2 {"projectId":"shooting2-c68c2","projectNumber":"1060125794969","displayName":"shooting2","name":"projects/shooting2-c68c2","resources":{"hostingSite":"shooting2-c68c2","realtimeDatabaseInstance":"shooting2-c68c2-default-rtdb","storageBucket":"shooting2-c68c2.appspot.com","locationId":"asia-northeast1"},"state":"ACTIVE"}
[info] 
[info] === Deploying to 'shooting2-c68c2'...
[info] 
[info] i  deploying database, firestore, hosting 
[info] i  database: checking rules syntax... 
[debug] [2021-08-01T22:11:16.964Z] > refreshing access token with scopes: ["email","https://www.googleapis.com/auth/cloud-platform","https://www.googleapis.com/auth/cloudplatformprojects.readonly","https://www.googleapis.com/auth/firebase","openid"]
[debug] [2021-08-01T22:11:16.964Z] >>> HTTP REQUEST POST https://www.googleapis.com/oauth2/v3/token  
 <request body omitted>
[debug] [2021-08-01T22:11:17.112Z] <<< HTTP RESPONSE 200 {"date":"Sun, 01 Aug 2021 22:11:19 GMT","cache-control":"no-cache, no-store, max-age=0, must-revalidate","expires":"Mon, 01 Jan 1990 00:00:00 GMT","pragma":"no-cache","content-type":"application/json; charset=utf-8","vary":"X-Origin, Referer, Origin,Accept-Encoding","server":"scaffolding on HTTPServer2","x-xss-protection":"0","x-frame-options":"SAMEORIGIN","x-content-type-options":"nosniff","alt-svc":"h3=\":443\"; ma=2592000,h3-29=\":443\"; ma=2592000,h3-T051=\":443\"; ma=2592000,h3-Q050=\":443\"; ma=2592000,h3-Q046=\":443\"; ma=2592000,h3-Q043=\":443\"; ma=2592000,quic=\":443\"; ma=2592000; v=\"46,43\"","accept-ranges":"none","transfer-encoding":"chunked"}
[debug] [2021-08-01T22:11:17.160Z] >>> HTTP REQUEST GET https://firebasedatabase.googleapis.com/v1beta/projects/shooting2-c68c2/locations/-/instances/shooting2-c68c2-default-rtdb  
 
[debug] [2021-08-01T22:11:18.074Z] <<< HTTP RESPONSE 200 {"content-type":"application/json; charset=UTF-8","vary":"X-Origin, Referer, Origin,Accept-Encoding","date":"Sun, 01 Aug 2021 22:11:20 GMT","server":"ESF","cache-control":"private","x-xss-protection":"0","x-frame-options":"SAMEORIGIN","x-content-type-options":"nosniff","alt-svc":"h3=\":443\"; ma=2592000,h3-29=\":443\"; ma=2592000,h3-T051=\":443\"; ma=2592000,h3-Q050=\":443\"; ma=2592000,h3-Q046=\":443\"; ma=2592000,h3-Q043=\":443\"; ma=2592000,quic=\":443\"; ma=2592000; v=\"46,43\"","accept-ranges":"none","transfer-encoding":"chunked"}
[debug] [2021-08-01T22:11:18.078Z] >>> HTTP REQUEST PUT https://shooting2-c68c2-default-rtdb.firebaseio.com/.settings/rules.json?dryRun=true  
 {
  /* Visit https://firebase.google.com/docs/database/security to learn more about security rules. */
  "rules": {
    ".read": false,
    ".write": false
  }
}
[debug] [2021-08-01T22:11:18.602Z] <<< HTTP RESPONSE 200 {"server":"nginx","date":"Sun, 01 Aug 2021 22:11:20 GMT","content-type":"application/json; charset=utf-8","content-length":"15","connection":"keep-alive","access-control-allow-origin":"*","cache-control":"no-cache","strict-transport-security":"max-age=31556926; includeSubDomains; preload"}
[info] ✔  database: rules syntax for database shooting2-c68c2-default-rtdb is valid 
[info] i  firestore: reading indexes from firestore.indexes.json... 
[info] i  cloud.firestore: checking firestore.rules for compilation errors... 
[debug] [2021-08-01T22:11:18.609Z] >>> HTTP REQUEST POST https://firebaserules.googleapis.com/v1/projects/shooting2-c68c2:test  
 {"source":{"files":[{"name":"firestore.rules","content":"service cloud.firestore {\n  match /databases/{database}/documents {\n    match /{document=**} {\n      allow read; \n      allow write: if request.auth != null;\n    }\n  }\n}"}]}}
[debug] [2021-08-01T22:11:19.815Z] <<< HTTP RESPONSE 200 {"content-type":"application/json; charset=UTF-8","vary":"X-Origin, Referer, Origin,Accept-Encoding","date":"Sun, 01 Aug 2021 22:11:21 GMT","server":"ESF","cache-control":"private","x-xss-protection":"0","x-frame-options":"SAMEORIGIN","x-content-type-options":"nosniff","alt-svc":"h3=\":443\"; ma=2592000,h3-29=\":443\"; ma=2592000,h3-T051=\":443\"; ma=2592000,h3-Q050=\":443\"; ma=2592000,h3-Q046=\":443\"; ma=2592000,h3-Q043=\":443\"; ma=2592000,quic=\":443\"; ma=2592000; v=\"46,43\"","accept-ranges":"none","transfer-encoding":"chunked"}
[warn] ⚠  [W] undefined:undefined - Ruleset uses old version (version [1]). Please update to the latest version (version [2]). 
[info] ✔  cloud.firestore: rules file firestore.rules compiled successfully 
[debug] [2021-08-01T22:11:19.820Z] >>> HTTP REQUEST POST https://firebasehosting.googleapis.com/v1beta1/sites/shooting2-c68c2/versions  
 {"config":{},"labels":{"deployment-tool":"cli-firebase"}}
[debug] [2021-08-01T22:11:21.039Z] <<< HTTP RESPONSE 200 {"content-type":"application/json; charset=UTF-8","vary":"X-Origin, Referer, Origin,Accept-Encoding","date":"Sun, 01 Aug 2021 22:11:23 GMT","server":"ESF","cache-control":"private","x-xss-protection":"0","x-frame-options":"SAMEORIGIN","x-content-type-options":"nosniff","alt-svc":"h3=\":443\"; ma=2592000,h3-29=\":443\"; ma=2592000,h3-T051=\":443\"; ma=2592000,h3-Q050=\":443\"; ma=2592000,h3-Q046=\":443\"; ma=2592000,h3-Q043=\":443\"; ma=2592000,quic=\":443\"; ma=2592000; v=\"46,43\"","accept-ranges":"none","transfer-encoding":"chunked"}
[debug] [2021-08-01T22:11:21.045Z] >>> HTTP REQUEST GET https://firebaserules.googleapis.com/v1/projects/shooting2-c68c2/releases?pageSize=10&pageToken=  
 
[debug] [2021-08-01T22:11:21.046Z] >>> HTTP REQUEST GET https://firestore.googleapis.com/v1/projects/shooting2-c68c2/databases/(default)/collectionGroups/-/indexes  
 
[debug] [2021-08-01T22:11:21.356Z] <<< HTTP RESPONSE 200 {"content-type":"application/json; charset=UTF-8","vary":"X-Origin, Referer, Origin,Accept-Encoding","date":"Sun, 01 Aug 2021 22:11:23 GMT","server":"ESF","cache-control":"private","x-xss-protection":"0","x-frame-options":"SAMEORIGIN","x-content-type-options":"nosniff","alt-svc":"h3=\":443\"; ma=2592000,h3-29=\":443\"; ma=2592000,h3-T051=\":443\"; ma=2592000,h3-Q050=\":443\"; ma=2592000,h3-Q046=\":443\"; ma=2592000,h3-Q043=\":443\"; ma=2592000,quic=\":443\"; ma=2592000; v=\"46,43\"","accept-ranges":"none","transfer-encoding":"chunked"}
[debug] [2021-08-01T22:11:21.358Z] >>> HTTP REQUEST GET https://firestore.googleapis.com/v1/projects/shooting2-c68c2/databases/(default)/collectionGroups/-/fields?filter=indexConfig.usesAncestorConfig=false  
 
[debug] [2021-08-01T22:11:21.654Z] <<< HTTP RESPONSE 200 {"content-type":"application/json; charset=UTF-8","vary":"X-Origin, Referer, Origin,Accept-Encoding","date":"Sun, 01 Aug 2021 22:11:23 GMT","server":"ESF","cache-control":"private","x-xss-protection":"0","x-frame-options":"SAMEORIGIN","x-content-type-options":"nosniff","alt-svc":"h3=\":443\"; ma=2592000,h3-29=\":443\"; ma=2592000,h3-T051=\":443\"; ma=2592000,h3-Q050=\":443\"; ma=2592000,h3-Q046=\":443\"; ma=2592000,h3-Q043=\":443\"; ma=2592000,quic=\":443\"; ma=2592000; v=\"46,43\"","accept-ranges":"none","transfer-encoding":"chunked"}
[info] i  firestore: The following indexes are defined in your project but are not present in your firestore indexes file:
	(profiles) -- (life,DESCENDING) (score,DESCENDING)  
[debug] [2021-08-01T22:11:22.268Z] <<< HTTP RESPONSE 200 {"content-type":"application/json; charset=UTF-8","vary":"X-Origin, Referer, Origin,Accept-Encoding","date":"Sun, 01 Aug 2021 22:11:24 GMT","server":"ESF","cache-control":"private","x-xss-protection":"0","x-frame-options":"SAMEORIGIN","x-content-type-options":"nosniff","alt-svc":"h3=\":443\"; ma=2592000,h3-29=\":443\"; ma=2592000,h3-T051=\":443\"; ma=2592000,h3-Q050=\":443\"; ma=2592000,h3-Q046=\":443\"; ma=2592000,h3-Q043=\":443\"; ma=2592000,quic=\":443\"; ma=2592000; v=\"46,43\"","accept-ranges":"none","transfer-encoding":"chunked"}
[debug] [2021-08-01T22:11:22.270Z] >>> HTTP REQUEST GET https://firebaserules.googleapis.com/v1/projects/shooting2-c68c2/rulesets/9178c18b-36ac-4db4-bd32-ad0ff225e46c  
 
[debug] [2021-08-01T22:11:23.477Z] <<< HTTP RESPONSE 200 {"content-type":"application/json; charset=UTF-8","vary":"X-Origin, Referer, Origin,Accept-Encoding","date":"Sun, 01 Aug 2021 22:11:25 GMT","server":"ESF","cache-control":"private","x-xss-protection":"0","x-frame-options":"SAMEORIGIN","x-content-type-options":"nosniff","alt-svc":"h3=\":443\"; ma=2592000,h3-29=\":443\"; ma=2592000,h3-T051=\":443\"; ma=2592000,h3-Q050=\":443\"; ma=2592000,h3-Q046=\":443\"; ma=2592000,h3-Q043=\":443\"; ma=2592000,quic=\":443\"; ma=2592000; v=\"46,43\"","accept-ranges":"none","transfer-encoding":"chunked"}
[info] i  firestore: latest version of firestore.rules already up to date, skipping upload... 
